c:\users\calum\documents\github\games-programming\games_programming\particle_effect\debug\vc140.pdb
c:\users\calum\documents\github\games-programming\games_programming\particle_effect\debug\vc140.idb
c:\users\calum\documents\github\games-programming\games_programming\particle_effect\debug\graphics.obj
c:\users\calum\documents\github\games-programming\games_programming\particle_effect\debug\particle.obj
c:\users\calum\documents\github\games-programming\games_programming\particle_effect\debug\particleeffect.obj
c:\users\calum\documents\github\games-programming\games_programming\particle_effect\debug\physicssphere.obj
c:\users\calum\documents\github\games-programming\games_programming\particle_effect\debug\shapes.obj
c:\users\calum\documents\github\games-programming\games_programming\particle_effect\debug\source.obj
c:\users\calum\documents\github\games-programming\games_programming\particle_effect\debug\vec3.obj
c:\users\calum\documents\github\games-programming\games_programming\debug\particle_effect.pdb
c:\users\calum\documents\github\games-programming\games_programming\particle_effect\debug\particle_effect.tlog\cl.command.1.tlog
c:\users\calum\documents\github\games-programming\games_programming\particle_effect\debug\particle_effect.tlog\cl.read.1.tlog
c:\users\calum\documents\github\games-programming\games_programming\particle_effect\debug\particle_effect.tlog\cl.write.1.tlog
c:\users\calum\documents\github\games-programming\games_programming\particle_effect\debug\particle_effect.tlog\link-cvtres.read.1.tlog
c:\users\calum\documents\github\games-programming\games_programming\particle_effect\debug\particle_effect.tlog\link-cvtres.write.1.tlog
c:\users\calum\documents\github\games-programming\games_programming\particle_effect\debug\particle_effect.tlog\link-rc.read.1.tlog
c:\users\calum\documents\github\games-programming\games_programming\particle_effect\debug\particle_effect.tlog\link-rc.write.1.tlog
c:\users\calum\documents\github\games-programming\games_programming\particle_effect\debug\particle_effect.tlog\link.16460-cvtres.read.1.tlog
c:\users\calum\documents\github\games-programming\games_programming\particle_effect\debug\particle_effect.tlog\link.16460-cvtres.write.1.tlog
c:\users\calum\documents\github\games-programming\games_programming\particle_effect\debug\particle_effect.tlog\link.16460-rc.read.1.tlog
c:\users\calum\documents\github\games-programming\games_programming\particle_effect\debug\particle_effect.tlog\link.16460-rc.write.1.tlog
c:\users\calum\documents\github\games-programming\games_programming\particle_effect\debug\particle_effect.tlog\link.16460.read.1.tlog
c:\users\calum\documents\github\games-programming\games_programming\particle_effect\debug\particle_effect.tlog\link.16460.write.1.tlog
c:\users\calum\documents\github\games-programming\games_programming\particle_effect\debug\particle_effect.tlog\link.command.1.tlog
c:\users\calum\documents\github\games-programming\games_programming\particle_effect\debug\particle_effect.tlog\link.read.1.tlog
c:\users\calum\documents\github\games-programming\games_programming\particle_effect\debug\particle_effect.tlog\link.write.1.tlog
