C:\Program Files (x86)\MSBuild\Microsoft.Cpp\v4.0\V140\Microsoft.CppBuild.targets(392,5): warning MSB8028: The intermediate directory (Debug\) contains files shared from another project (Games_Programming.vcxproj).  This can lead to incorrect clean and rebuild behavior.
  vec3.cpp
  Source.cpp
c:\users\calum\documents\github\games-programming\games_programming\games_programming\physicssphere.h(22): warning C4305: 'initializing': truncation from 'double' to 'const float'
c:\users\calum\documents\github\games-programming\games_programming\games_programming\physicssphere.h(23): warning C4305: 'initializing': truncation from 'double' to 'const float'
  Shapes.cpp
  PhysicsSphere.cpp
c:\users\calum\documents\github\games-programming\games_programming\games_programming\physicssphere.h(22): warning C4305: 'initializing': truncation from 'double' to 'const float'
c:\users\calum\documents\github\games-programming\games_programming\games_programming\physicssphere.h(23): warning C4305: 'initializing': truncation from 'double' to 'const float'
c:\users\calum\documents\github\games-programming\games_programming\games_programming\physicssphere.cpp(27): warning C4244: '=': conversion from 'clock_t' to 'float', possible loss of data
c:\users\calum\documents\github\games-programming\games_programming\games_programming\physicssphere.cpp(29): warning C4244: '=': conversion from 'clock_t' to 'float', possible loss of data
c:\users\calum\documents\github\games-programming\games_programming\games_programming\physicssphere.cpp(58): warning C4244: '=': conversion from 'double' to 'float', possible loss of data
c:\users\calum\documents\github\games-programming\games_programming\games_programming\physicssphere.cpp(59): warning C4305: '*=': truncation from 'double' to 'float'
c:\users\calum\documents\github\games-programming\games_programming\games_programming\physicssphere.cpp(68): warning C4244: '=': conversion from 'double' to 'float', possible loss of data
c:\users\calum\documents\github\games-programming\games_programming\games_programming\physicssphere.cpp(69): warning C4305: '*=': truncation from 'double' to 'float'
  Graphics.cpp
  Generating Code...
LINK : warning LNK4098: defaultlib 'MSVCRT' conflicts with use of other libs; use /NODEFAULTLIB:library
  Games_Programming.vcxproj -> C:\Users\Calum\Documents\GitHub\Games-Programming\Games_Programming\Debug\Bouncing_Ball.exe
  Games_Programming.vcxproj -> C:\Users\Calum\Documents\GitHub\Games-Programming\Games_Programming\Debug\Bouncing_Ball.pdb (Partial PDB)
